<?xml version="1.0" encoding="UTF-8"?>
<!-- Generated by org.testng.reporters.JUnitReportReporter -->
<testsuite skipped="0" hostname="WINDOWS-N0Q5TOC" name="Automation.WebAuto.NegativeLoginTest" tests="1" failures="0" timestamp="2023-10-14T06:51:27 EDT" time="14.767" errors="0">
  <testcase name="loginWithIncorrectPasswordTest" time="14.767" classname="Automation.WebAuto.NegativeLoginTest"/>
  <system-out/>
</testsuite> <!-- Automation.WebAuto.NegativeLoginTest -->
