<?xml version="1.0" encoding="UTF-8"?>
<!-- Generated by org.testng.reporters.JUnitReportReporter -->
<testsuite hostname="Exclusive" failures="0" tests="1" name="Automation.WebAuto.NewWebTest" time="9.306" errors="0" timestamp="2023-10-19T18:09:52 CDT" skipped="0">
  <testcase classname="Automation.WebAuto.NewWebTest" name="loginWithIncorrectPasswordTest" time="9.306"/>
  <system-out/>
</testsuite> <!-- Automation.WebAuto.NewWebTest -->
