<?xml version="1.0" encoding="UTF-8"?>
<!-- Generated by org.testng.reporters.JUnitReportReporter -->
<testsuite skipped="0" hostname="WINDOWS-N0Q5TOC" name="Automation.WebAuto.LoginTest" tests="1" failures="0" timestamp="2023-10-14T06:51:27 EDT" time="15.654" errors="0">
  <testcase name="loginWithCorrectCredentialsTest" time="15.654" classname="Automation.WebAuto.LoginTest"/>
  <system-out>
    <![CDATA[Starting execution of loginWithCorrectCredentialsTest
set up process has finished
Printing Page Title
comparing actualPage vs expectedPage
supplying tomsmith as a username
supplying SuperSecretPassword! as a password
clicking login button
comparing expectedMessage vs actualMessageDisplayed
closing the browser session]]>
  </system-out>
</testsuite> <!-- Automation.WebAuto.LoginTest -->
